<?xml version="1.0" encoding="UTF-8"?>
<!-- Generated by org.testng.reporters.JUnitXMLReporter -->
<testsuite hostname="LAPTOP-8DF852S1" failures="0" tests="10" name="Default test" time="60.688" errors="0" timestamp="19 Feb 2024 10:21:39 GMT">
  <testcase classname="com.flipkart.FilterDellLaptops" name="search_Laptop" time="5.686"/>
  <testcase classname="com.flipkart.FilterDellLaptops" name="click_Brand" time="4.997"/>
  <testcase classname="com.flipkart.FilterDellLaptops" name="check_Dell_Brand" time="2.762"/>
  <testcase classname="com.flipkart.FilterDellLaptops" name="scroll_To_SSD_Capacity" time="3.354"/>
  <testcase classname="com.flipkart.FilterDellLaptops" name="check_512gb_Capacity" time="2.185"/>
  <testcase classname="com.flipkart.FilterDellLaptops" name="select_Min_Max_Price" time="4.549"/>
  <testcase classname="com.flipkart.FilterDellLaptops" name="get_Filtered_Dell_Laptop" time="4.101"/>
  <testcase classname="com.flipkart.FilterDellLaptops" name="create_Excel_File" time="4.011"/>
  <testcase classname="com.flipkart.FilterDellLaptops" name="store_Filtered_Data_In_Excel" time="8.314"/>
  <testcase classname="com.flipkart.FilterDellLaptops" name="compare_Excel_Data_With_Actual" time="1.132"/>
</testsuite> <!-- Default test -->
