<?xml version="1.0" encoding="UTF-8"?>
<!-- Generated by org.testng.reporters.JUnitXMLReporter -->
<testsuite hostname="LAPTOP-8DF852S1" failures="0" tests="5" name="TestingInEdge" time="37.083" errors="0" timestamp="19 Feb 2024 13:46:22 GMT">
  <testcase classname="com.flipkart.FilterDesktops" name="search_Desktop" time="3.977"/>
  <testcase classname="com.flipkart.FilterDesktops" name="scroll_To_Brand" time="4.444"/>
  <testcase classname="com.flipkart.FilterDesktops" name="check_Hp_Brand" time="0.745"/>
  <testcase classname="com.flipkart.FilterDesktops" name="get_Filtered_Hp_Desktops" time="6.079"/>
  <testcase classname="com.flipkart.FilterDesktops" name="validate_Filtered_Data" time="0.158"/>
</testsuite> <!-- TestingInEdge -->
