<?xml version="1.0" encoding="UTF-8"?>
<!-- Generated by org.testng.reporters.JUnitXMLReporter -->
<testsuite hostname="LAPTOP-8DF852S1" failures="0" tests="5" name="TestingInChrome" time="27.198" errors="0" timestamp="19 Feb 2024 13:46:12 GMT">
  <testcase classname="com.flipkart.FilterLaptops" name="search_Laptop" time="6.29"/>
  <testcase classname="com.flipkart.FilterLaptops" name="click_Brand" time="0.245"/>
  <testcase classname="com.flipkart.FilterLaptops" name="check_Dell_Brand" time="0.319"/>
  <testcase classname="com.flipkart.FilterLaptops" name="get_Filtered_Dell_Laptops" time="6.061"/>
  <testcase classname="com.flipkart.FilterLaptops" name="validate_Filtered_Data" time="0.2"/>
</testsuite> <!-- TestingInChrome -->
