<?xml version="1.0" encoding="UTF-8"?>
<!-- Generated by org.testng.reporters.JUnitXMLReporter -->
<testsuite hostname="LAPTOP-8DF852S1" failures="0" tests="4" name="Test1" time="46.742" errors="0" timestamp="19 Feb 2024 16:04:50 GMT">
  <testcase classname="com.flipkart.FilterSamsungMobiles" name="search_Mobiles" time="20.275"/>
  <testcase classname="com.flipkart.FilterSamsungMobiles" name="check_Samsung_Brand" time="2.655"/>
  <testcase classname="com.flipkart.FilterSamsungMobiles" name="get_Filtered_Mobiles" time="6.145"/>
  <testcase classname="com.flipkart.FilterSamsungMobiles" name="validate_Filtered_Data" time="0.828"/>
</testsuite> <!-- Test1 -->
