<?xml version="1.0" encoding="UTF-8"?>
<!-- Generated by org.testng.reporters.JUnitXMLReporter -->
<testsuite hostname="LAPTOP-8DF852S1" failures="0" tests="4" name="Test2" time="46.9" errors="0" timestamp="19 Feb 2024 16:04:50 GMT">
  <testcase classname="com.flipkart.FilterSamsungMobiles1" name="search_Mobiles" time="15.351"/>
  <testcase classname="com.flipkart.FilterSamsungMobiles1" name="check_Samsung_Brand" time="1.808"/>
  <testcase classname="com.flipkart.FilterSamsungMobiles1" name="get_Filtered_Mobiles" time="6.077"/>
  <testcase classname="com.flipkart.FilterSamsungMobiles1" name="validate_Filtered_Data" time="0.729"/>
</testsuite> <!-- Test2 -->
